c:\users\2233318\documents\code\jeuxvideo\agencepoo\agence\agence\x64\debug\vc143.pdb
c:\users\2233318\documents\code\jeuxvideo\agencepoo\agence\agence\x64\debug\vc143.idb
c:\users\2233318\documents\code\jeuxvideo\agencepoo\agence\agence\x64\debug\vaisseau.obj
c:\users\2233318\documents\code\jeuxvideo\agencepoo\agence\agence\x64\debug\utilitaire.obj
c:\users\2233318\documents\code\jeuxvideo\agencepoo\agence\agence\x64\debug\transport.obj
c:\users\2233318\documents\code\jeuxvideo\agencepoo\agence\agence\x64\debug\station.obj
c:\users\2233318\documents\code\jeuxvideo\agencepoo\agence\agence\x64\debug\livraison.obj
c:\users\2233318\documents\code\jeuxvideo\agencepoo\agence\agence\x64\debug\guerre.obj
c:\users\2233318\documents\code\jeuxvideo\agencepoo\agence\agence\x64\debug\factoryvaisseau.obj
c:\users\2233318\documents\code\jeuxvideo\agencepoo\agence\agence\x64\debug\faction.obj
c:\users\2233318\documents\code\jeuxvideo\agencepoo\agence\agence\x64\debug\agence.obj
c:\users\2233318\documents\code\jeuxvideo\agencepoo\agence\x64\debug\agence.exe
c:\users\2233318\documents\code\jeuxvideo\agencepoo\agence\agence\x64\debug\agence.ilk
c:\users\2233318\documents\code\jeuxvideo\agencepoo\agence\x64\debug\agence.pdb
c:\users\2233318\documents\code\jeuxvideo\agencepoo\agence\agence\x64\debug\agence.tlog\cl.command.1.tlog
c:\users\2233318\documents\code\jeuxvideo\agencepoo\agence\agence\x64\debug\agence.tlog\cl.items.tlog
c:\users\2233318\documents\code\jeuxvideo\agencepoo\agence\agence\x64\debug\agence.tlog\cl.read.1.tlog
c:\users\2233318\documents\code\jeuxvideo\agencepoo\agence\agence\x64\debug\agence.tlog\cl.write.1.tlog
c:\users\2233318\documents\code\jeuxvideo\agencepoo\agence\agence\x64\debug\agence.tlog\link.command.1.tlog
c:\users\2233318\documents\code\jeuxvideo\agencepoo\agence\agence\x64\debug\agence.tlog\link.read.1.tlog
c:\users\2233318\documents\code\jeuxvideo\agencepoo\agence\agence\x64\debug\agence.tlog\link.write.1.tlog
